<?xml version="1.0" encoding="UTF-8"?>
<!-- Generated by org.testng.reporters.JUnitXMLReporter -->
<testsuite ignored="0" hostname="admin-PC" failures="1" tests="8" name="Test" time="0.189" errors="0" timestamp="23 Dec 2020 18:45:39 GMT">
  <testcase classname="tests.Testing1" name="test1" time="0.008"/>
  <testcase classname="tests.Testing1" name="test2" time="0.003"/>
  <testcase classname="tests.Testing1" name="test3" time="0.002"/>
  <testcase classname="tests.Testing2" name="test4" time="0.002"/>
  <testcase classname="tests.Testing2" name="test5" time="0.002"/>
  <testcase classname="tests.Testing3" name="createUser" time="0.047">
    <failure type="java.lang.AssertionError" message="Verifying element expected [true] but found [false]">
      <![CDATA[java.lang.AssertionError: Verifying element expected [true] but found [false]
	at tests.Testing3.createUser(Testing3.java:15)
... Removed 28 stack frames]]>
    </failure>
  </testcase> <!-- createUser -->
  <testcase classname="tests.Testing3" name="editUser" time="0.0">
    <skipped/>
  </testcase> <!-- editUser -->
  <testcase classname="tests.Testing3" name="deleteUser" time="0.0">
    <skipped/>
  </testcase> <!-- deleteUser -->
</testsuite> <!-- Test -->
